<?xml version="1.0" encoding="UTF-8"?>
<testsuite xmlns:xsi="http://www.w3.org/2001/XMLSchema-instance" xsi:noNamespaceSchemaLocation="https://maven.apache.org/surefire/maven-surefire-plugin/xsd/surefire-test-report.xsd" name="testrunners.MenuManagementTest" time="1.214" tests="2" errors="2" skipped="0" failures="0">
  <properties>
[...]
</properties>
  <testcase name="Add a menu item #1" classname="Menu management" time="0.222">
    <error message="The step &quot;I have a menu item with name &quot;N&quot; and price 10&quot; is undefined. You can implement it using the snippet(s) below:&#10;&#10;@Given(&quot;I have a menu item with name {string} and price {int}&quot;)&#10;public void i_have_a_menu_item_with_name_and_price(String string, Integer int1) {&#10;    // Write code here that turns the phrase above into concrete actions&#10;    throw new io.cucumber.java.PendingException();&#10;}&#10;&#10;&#10;Some other steps were also undefined:&#10;&#10;@When(&quot;I add that menu item&quot;)&#10;public void i_add_that_menu_item() {&#10;    // Write code here that turns the phrase above into concrete actions&#10;    throw new io.cucumber.java.PendingException();&#10;}&#10;@Then(&quot;Menu item with name {string} should be added&quot;)&#10;public void menu_item_with_name_should_be_added(String string) {&#10;    // Write code here that turns the phrase above into concrete actions&#10;    throw new io.cucumber.java.PendingException();&#10;}&#10;" type="io.cucumber.junit.UndefinedStepException">io.cucumber.junit.UndefinedStepException: 
The step "I have a menu item with name "N" and price 10" is undefined. You can implement it using the snippet(s) below:

@Given("I have a menu item with name {string} and price {int}")
public void i_have_a_menu_item_with_name_and_price(String string, Integer int1) {
    // Write code here that turns the phrase above into concrete actions
    throw new io.cucumber.java.PendingException();
}


Some other steps were also undefined:

@When("I add that menu item")
public void i_add_that_menu_item() {
    // Write code here that turns the phrase above into concrete actions
    throw new io.cucumber.java.PendingException();
}
@Then("Menu item with name {string} should be added")
public void menu_item_with_name_should_be_added(String string) {
    // Write code here that turns the phrase above into concrete actions
    throw new io.cucumber.java.PendingException();
}

</error>
    <system-out><![CDATA[
@RegularTest
Scenario: Add a menu item                             &amp#27;[90m# src/test/java/featurefiles/management.feature:35&amp#27;[0m
  &amp#27;[33mGiven &amp#27;[0m&amp#27;[33mI have a menu item with name "N" and price 10&amp#27;[0m &amp#27;[90m# null&amp#27;[0m
  &amp#27;[36mWhen &amp#27;[0m&amp#27;[36mI add that menu item&amp#27;[0m                           &amp#27;[90m# null&amp#27;[0m
  &amp#27;[36mThen &amp#27;[0m&amp#27;[36mMenu item with name "N" should be added&amp#27;[0m        &amp#27;[90m# null&amp#27;[0m
]]></system-out>
  </testcase>
  <testcase name="Add a menu item #2" classname="Menu management" time="0.016">
    <error message="The step &quot;I have a menu item with name &quot;N&quot; and price 10&quot; is undefined. You can implement it using the snippet(s) below:&#10;&#10;@Given(&quot;I have a menu item with name {string} and price {int}&quot;)&#10;public void i_have_a_menu_item_with_name_and_price(String string, Integer int1) {&#10;    // Write code here that turns the phrase above into concrete actions&#10;    throw new io.cucumber.java.PendingException();&#10;}&#10;&#10;&#10;Some other steps were also undefined:&#10;&#10;@When(&quot;I add that menu item&quot;)&#10;public void i_add_that_menu_item() {&#10;    // Write code here that turns the phrase above into concrete actions&#10;    throw new io.cucumber.java.PendingException();&#10;}&#10;@Then(&quot;Something happens&quot;)&#10;public void something_happens() {&#10;    // Write code here that turns the phrase above into concrete actions&#10;    throw new io.cucumber.java.PendingException();&#10;}&#10;" type="io.cucumber.junit.UndefinedStepException">io.cucumber.junit.UndefinedStepException: 
The step "I have a menu item with name "N" and price 10" is undefined. You can implement it using the snippet(s) below:

@Given("I have a menu item with name {string} and price {int}")
public void i_have_a_menu_item_with_name_and_price(String string, Integer int1) {
    // Write code here that turns the phrase above into concrete actions
    throw new io.cucumber.java.PendingException();
}


Some other steps were also undefined:

@When("I add that menu item")
public void i_add_that_menu_item() {
    // Write code here that turns the phrase above into concrete actions
    throw new io.cucumber.java.PendingException();
}
@Then("Something happens")
public void something_happens() {
    // Write code here that turns the phrase above into concrete actions
    throw new io.cucumber.java.PendingException();
}

</error>
    <system-out><![CDATA[
@RegularTest
Scenario: Add a menu item                             &amp#27;[90m# src/test/java/featurefiles/management.feature:41&amp#27;[0m
  &amp#27;[33mGiven &amp#27;[0m&amp#27;[33mI have a menu item with name "N" and price 10&amp#27;[0m &amp#27;[90m# null&amp#27;[0m
  &amp#27;[36mWhen &amp#27;[0m&amp#27;[36mI add that menu item&amp#27;[0m                           &amp#27;[90m# null&amp#27;[0m
  &amp#27;[36mThen &amp#27;[0m&amp#27;[36mSomething happens&amp#27;[0m                              &amp#27;[90m# null&amp#27;[0m
]]></system-out>
  </testcase>
</testsuite>