-------------------------------------------------------------------------------
Test set: testrunners.MenuManagementTest
-------------------------------------------------------------------------------
Tests run: 2, Failures: 0, Errors: 2, Skipped: 0, Time elapsed: 1.214 s <<< FAILURE! - in testrunners.MenuManagementTest
Add a menu item #1(Menu management)  Time elapsed: 0.222 s  <<< ERROR!
io.cucumber.junit.UndefinedStepException: 
The step "I have a menu item with name "N" and price 10" is undefined. You can implement it using the snippet(s) below:

@Given("I have a menu item with name {string} and price {int}")
public void i_have_a_menu_item_with_name_and_price(String string, Integer int1) {
    // Write code here that turns the phrase above into concrete actions
    throw new io.cucumber.java.PendingException();
}


Some other steps were also undefined:

@When("I add that menu item")
public void i_add_that_menu_item() {
    // Write code here that turns the phrase above into concrete actions
    throw new io.cucumber.java.PendingException();
}
@Then("Menu item with name {string} should be added")
public void menu_item_with_name_should_be_added(String string) {
    // Write code here that turns the phrase above into concrete actions
    throw new io.cucumber.java.PendingException();
}


Add a menu item #2(Menu management)  Time elapsed: 0.016 s  <<< ERROR!
io.cucumber.junit.UndefinedStepException: 
The step "I have a menu item with name "N" and price 10" is undefined. You can implement it using the snippet(s) below:

@Given("I have a menu item with name {string} and price {int}")
public void i_have_a_menu_item_with_name_and_price(String string, Integer int1) {
    // Write code here that turns the phrase above into concrete actions
    throw new io.cucumber.java.PendingException();
}


Some other steps were also undefined:

@When("I add that menu item")
public void i_add_that_menu_item() {
    // Write code here that turns the phrase above into concrete actions
    throw new io.cucumber.java.PendingException();
}
@Then("Something happens")
public void something_happens() {
    // Write code here that turns the phrase above into concrete actions
    throw new io.cucumber.java.PendingException();
}


